<?xml version="1.0" encoding="UTF-8"?>
<testsuite name="mercadolivre.BuscaProdutos" tests="1" skipped="0" failures="0" errors="0" timestamp="2020-11-23T22:56:08" hostname="DESKTOP-QVT9T36" time="20.696">
  <properties/>
  <testcase name="consultarProdutoMicrofone" classname="mercadolivre.BuscaProdutos" time="20.696"/>
  <system-out><![CDATA[]]></system-out>
  <system-err><![CDATA[Starting ChromeDriver 87.0.4280.20 (c99e81631faa0b2a448e658c0dbd8311fb04ddbd-refs/branch-heads/4280@{#355}) on port 10748
Only local connections are allowed.
Please see https://chromedriver.chromium.org/security-considerations for suggestions on keeping ChromeDriver safe.
ChromeDriver was started successfully.
nov 23, 2020 7:56:13 PM org.openqa.selenium.remote.ProtocolHandshake createSession
INFORMAÇÕES: Detected dialect: W3C
]]></system-err>
</testsuite>
