<?xml version="1.0" encoding="UTF-8"?>
<testsuite name="siteiterasys.Curso" tests="1" skipped="0" failures="0" errors="0" timestamp="2020-11-24T00:20:22" hostname="DESKTOP-QVT9T36" time="18.868">
  <properties/>
  <testcase name="consultarTestLink" classname="siteiterasys.Curso" time="18.868"/>
  <system-out><![CDATA[]]></system-out>
  <system-err><![CDATA[Starting ChromeDriver 86.0.4240.22 (398b0743353ff36fb1b82468f63a3a93b4e2e89e-refs/branch-heads/4240@{#378}) on port 31418
Only local connections are allowed.
Please see https://chromedriver.chromium.org/security-considerations for suggestions on keeping ChromeDriver safe.
ChromeDriver was started successfully.
[1606177225.237][WARNING]: This version of ChromeDriver has not been tested with Chrome version 87.
nov 23, 2020 9:20:27 PM org.openqa.selenium.remote.ProtocolHandshake createSession
INFORMAÇÕES: Detected dialect: W3C
]]></system-err>
</testsuite>
